[0mPOST /api/thumbnail?url=https://cdn.pixabay.com/photo/2017/09/03/17/26/woman-2711279_960_720.jpg [33m400 [0m20066.215 ms - 55[0m
[0mPOST /api/thumbnail?url=undefined [33m401 [0m0.788 ms - 40[0m
[0mPOST /api/thumbnail?url=undefined [33m401 [0m1.287 ms - 31[0m
[0mPOST /api/thumbnail?url=https://www.google.com [33m400 [0m20680.168 ms - 56[0m
[0mPOST /api/thumbnail?url=https://www.google [33m400 [0m16821.202 ms - 50[0m
[0mPOST /api/thumbnail [33m400 [0m0.491 ms - 26[0m
[0mPOST /api/thumbnail?url=http://motivate.000webhostapp.com/ancient_pic.jpg [33m400 [0m16171.194 ms - 65[0m
[0mPOST /api/thumbnail?url=https://upload.wikimedia.org/wikipedia/commons/2/2c/A_new_map_of_Great_Britain_according_to_the_newest_and_most_exact_observations_%288342715024%29.jpg [33m400 [0m3767.863 ms - 38[0m
[0mPOST /api/thumbnail?url=undefined [33m401 [0m3.147 ms - 40[0m
[0mPOST /api/thumbnail?url=undefined [33m401 [0m1.432 ms - 31[0m
[0mPOST /api/thumbnail?url=https://www.google.com [33m400 [0m21093.220 ms - 56[0m
[0mPOST /api/thumbnail?url=undefined [33m401 [0m3.101 ms - 40[0m
[0mPOST /api/thumbnail?url=undefined [33m401 [0m1.320 ms - 31[0m
[0mPOST /api/thumbnail?url=https://www.google.com [33m400 [0m1181.208 ms - 29[0m
[0mPOST /api/thumbnail?url=https://www.google [33m400 [0m105.934 ms - 61[0m
[0mPOST /api/thumbnail [33m400 [0m0.757 ms - 26[0m
[0mPOST /api/thumbnail?url=https://upload.wikimedia.org/wikipedia/commons/2/2c/A_new_map_of_Great_Britain_according_to_the_newest_and_most_exact_observations_%288342715024%29.jpg [33m400 [0m1400.492 ms - 38[0m
[0mPOST /api/patch [32m200 [0m16.260 ms - 100[0m
[0mPOST /api/patch [33m401 [0m0.686 ms - 40[0m
[0mPOST /api/patch [33m401 [0m0.724 ms - 31[0m
[0mPOST /api/patch [33m400 [0m1.480 ms - 47[0m
[0mPOST /api/patch [33m400 [0m1.007 ms - 47[0m
[0mPOST / [33m404 [0m0.330 ms - 23[0m
[0mPOST /login [32m200 [0m3.682 ms - 145[0m
[0mPOST /login [33m400 [0m1.688 ms - 39[0m
[0mPOST /login [33m400 [0m0.684 ms - 39[0m
[0mPOST /api/thumbnail?url=undefined [33m401 [0m2.841 ms - 40[0m
[0mPOST /api/thumbnail?url=undefined [33m401 [0m1.289 ms - 31[0m
[0mPOST /api/thumbnail?url=https://www.google.com [33m400 [0m1037.225 ms - 29[0m
[0mPOST /api/thumbnail?url=https://www.google [33m400 [0m8.093 ms - 61[0m
[0mPOST /api/thumbnail [33m400 [0m0.501 ms - 26[0m
[0mPOST /api/thumbnail?url=https://upload.wikimedia.org/wikipedia/commons/2/2c/A_new_map_of_Great_Britain_according_to_the_newest_and_most_exact_observations_%288342715024%29.jpg [33m400 [0m5124.239 ms - 38[0m
[0mPOST /api/patch [32m200 [0m34.012 ms - 100[0m
[0mPOST /api/patch [33m401 [0m1.026 ms - 40[0m
[0mPOST /api/patch [33m401 [0m1.090 ms - 31[0m
[0mPOST /api/patch [33m400 [0m1.869 ms - 47[0m
[0mPOST /api/patch [33m400 [0m1.475 ms - 47[0m
[0mPOST / [33m404 [0m0.499 ms - 23[0m
[0mPOST /login [32m200 [0m3.024 ms - 145[0m
[0mPOST /login [33m400 [0m3.389 ms - 39[0m
[0mPOST /login [33m400 [0m0.973 ms - 39[0m
