[0mPOST /api/thumbnail?url=https://cdn.pixabay.com/photo/2017/09/03/17/26/woman-2711279_960_720.jpg [33m400 [0m20066.215 ms - 55[0m
[0mPOST /api/thumbnail?url=undefined [33m401 [0m0.788 ms - 40[0m
[0mPOST /api/thumbnail?url=undefined [33m401 [0m1.287 ms - 31[0m
[0mPOST /api/thumbnail?url=https://www.google.com [33m400 [0m20680.168 ms - 56[0m
[0mPOST /api/thumbnail?url=https://www.google [33m400 [0m16821.202 ms - 50[0m
[0mPOST /api/thumbnail [33m400 [0m0.491 ms - 26[0m
[0mPOST /api/thumbnail?url=http://motivate.000webhostapp.com/ancient_pic.jpg [33m400 [0m16171.194 ms - 65[0m
[0mPOST /api/thumbnail?url=https://upload.wikimedia.org/wikipedia/commons/2/2c/A_new_map_of_Great_Britain_according_to_the_newest_and_most_exact_observations_%288342715024%29.jpg [33m400 [0m3767.863 ms - 38[0m
[0mPOST /api/thumbnail?url=undefined [33m401 [0m3.147 ms - 40[0m
[0mPOST /api/thumbnail?url=undefined [33m401 [0m1.432 ms - 31[0m
[0mPOST /api/thumbnail?url=https://www.google.com [33m400 [0m21093.220 ms - 56[0m
[0mPOST /api/thumbnail?url=undefined [33m401 [0m3.101 ms - 40[0m
[0mPOST /api/thumbnail?url=undefined [33m401 [0m1.320 ms - 31[0m
[0mPOST /api/thumbnail?url=https://www.google.com [33m400 [0m1181.208 ms - 29[0m
[0mPOST /api/thumbnail?url=https://www.google [33m400 [0m105.934 ms - 61[0m
[0mPOST /api/thumbnail [33m400 [0m0.757 ms - 26[0m
[0mPOST /api/thumbnail?url=https://upload.wikimedia.org/wikipedia/commons/2/2c/A_new_map_of_Great_Britain_according_to_the_newest_and_most_exact_observations_%288342715024%29.jpg [33m400 [0m1400.492 ms - 38[0m
[0mPOST /api/patch [32m200 [0m16.260 ms - 100[0m
[0mPOST /api/patch [33m401 [0m0.686 ms - 40[0m
[0mPOST /api/patch [33m401 [0m0.724 ms - 31[0m
[0mPOST /api/patch [33m400 [0m1.480 ms - 47[0m
[0mPOST /api/patch [33m400 [0m1.007 ms - 47[0m
[0mPOST / [33m404 [0m0.330 ms - 23[0m
[0mPOST /login [32m200 [0m3.682 ms - 145[0m
[0mPOST /login [33m400 [0m1.688 ms - 39[0m
[0mPOST /login [33m400 [0m0.684 ms - 39[0m
[0mPOST /api/thumbnail?url=https://cdn.pixabay.com/photo/2017/09/03/17/26/woman-2711279_960_720.jpg [32m200 [0m8783.553 ms - -[0m
[0mPOST /api/thumbnail?url=undefined [33m401 [0m2.406 ms - 40[0m
[0mPOST /api/thumbnail?url=undefined [33m401 [0m1.465 ms - 31[0m
[0mPOST /api/thumbnail?url=https://www.google.com [33m400 [0m2383.832 ms - 29[0m
[0mPOST /api/thumbnail?url=https://www.google [33m400 [0m158.235 ms - 61[0m
[0mPOST /api/thumbnail [33m400 [0m1.131 ms - 26[0m
[0mPOST /api/thumbnail?url=http://motivate.000webhostapp.com/ancient_pic.jpg [33m400 [0m42792.981 ms - 32[0m
[0mPOST /api/thumbnail?url=https://upload.wikimedia.org/wikipedia/commons/2/2c/A_new_map_of_Great_Britain_according_to_the_newest_and_most_exact_observations_%288342715024%29.jpg [33m400 [0m3782.579 ms - 38[0m
[0mPOST /api/patch [32m200 [0m22.653 ms - 100[0m
[0mPOST /api/patch [33m401 [0m0.740 ms - 40[0m
[0mPOST /api/patch [33m401 [0m0.871 ms - 31[0m
[0mPOST /api/patch [33m400 [0m0.622 ms - 47[0m
[0mPOST /api/patch [33m400 [0m2.262 ms - 47[0m
[0mPOST / [33m404 [0m0.306 ms - 23[0m
[0mPOST /login [32m200 [0m3.709 ms - 145[0m
[0mPOST /login [33m400 [0m1.402 ms - 39[0m
[0mPOST /login [33m400 [0m0.474 ms - 39[0m
[0mPOST /api/thumbnail?url=https://cdn.pixabay.com/photo/2017/09/03/17/26/woman-2711279_960_720.jpg [32m200 [0m13473.320 ms - -[0m
[0mPOST /api/thumbnail?url=undefined [33m401 [0m2.532 ms - 40[0m
[0mPOST /api/thumbnail?url=undefined [33m401 [0m2.255 ms - 31[0m
[0mPOST /api/thumbnail?url=https://www.google.com [33m400 [0m1295.553 ms - 29[0m
[0mPOST /api/thumbnail?url=https://www.google [33m400 [0m27.241 ms - 61[0m
[0mPOST /api/thumbnail [33m400 [0m0.732 ms - 26[0m
[0mPOST /api/thumbnail?url=http://motivate.000webhostapp.com/ancient_pic.jpg [33m400 [0m16107.371 ms - 32[0m
[0mPOST /api/thumbnail?url=https://upload.wikimedia.org/wikipedia/commons/2/2c/A_new_map_of_Great_Britain_according_to_the_newest_and_most_exact_observations_%288342715024%29.jpg [33m400 [0m6026.395 ms - 38[0m
[0mPOST /api/patch [32m200 [0m15.573 ms - 100[0m
[0mPOST /api/patch [33m401 [0m1.229 ms - 40[0m
[0mPOST /api/patch [33m401 [0m1.937 ms - 31[0m
[0mPOST /api/patch [33m400 [0m0.810 ms - 47[0m
[0mPOST /api/patch [33m400 [0m1.332 ms - 47[0m
[0mPOST / [33m404 [0m0.265 ms - 23[0m
[0mPOST /login [32m200 [0m1.607 ms - 145[0m
[0mPOST /login [33m400 [0m1.370 ms - 39[0m
[0mPOST /login [33m400 [0m0.481 ms - 39[0m
[0mPOST /api/thumbnail?url=https://cdn.pixabay.com/photo/2017/09/03/17/26/woman-2711279_960_720.jpg [32m200 [0m2752.886 ms - -[0m
[0mPOST /api/thumbnail?url=undefined [33m401 [0m2.510 ms - 40[0m
[0mPOST /api/thumbnail?url=undefined [33m401 [0m1.439 ms - 31[0m
[0mPOST /api/thumbnail?url=https://www.google.com [33m400 [0m1003.503 ms - 29[0m
[0mPOST /api/thumbnail?url=https://www.google [33m400 [0m104.284 ms - 61[0m
[0mPOST /api/thumbnail [33m400 [0m0.739 ms - 26[0m
[0mPOST /api/thumbnail?url=http://motivate.000webhostapp.com/ancient_pic.jpg [33m400 [0m6950.963 ms - 32[0m
[0mPOST /api/thumbnail?url=https://upload.wikimedia.org/wikipedia/commons/2/2c/A_new_map_of_Great_Britain_according_to_the_newest_and_most_exact_observations_%288342715024%29.jpg [33m400 [0m1628.441 ms - 38[0m
[0mPOST /api/patch [32m200 [0m17.709 ms - 100[0m
[0mPOST /api/patch [33m401 [0m1.322 ms - 40[0m
[0mPOST /api/patch [33m401 [0m0.609 ms - 31[0m
[0mPOST /api/patch [33m400 [0m0.739 ms - 47[0m
[0mPOST /api/patch [33m400 [0m0.613 ms - 47[0m
[0mPOST / [33m404 [0m0.336 ms - 23[0m
[0mPOST /login [32m200 [0m1.771 ms - 145[0m
[0mPOST /login [33m400 [0m1.484 ms - 39[0m
[0mPOST /login [33m400 [0m0.494 ms - 39[0m
[0mPOST /api/thumbnail?url=https://cdn.pixabay.com/photo/2017/09/03/17/26/woman-2711279_960_720.jpg [32m200 [0m2817.357 ms - -[0m
[0mPOST /api/thumbnail?url=undefined [33m401 [0m2.547 ms - 40[0m
[0mPOST /api/thumbnail?url=undefined [33m401 [0m1.286 ms - 31[0m
[0mPOST /api/thumbnail?url=https://www.google.com [33m400 [0m1139.926 ms - 29[0m
[0mPOST /api/thumbnail?url=https://www.google [33m400 [0m51.846 ms - 61[0m
[0mPOST /api/thumbnail [33m400 [0m0.536 ms - 26[0m
[0mPOST /api/thumbnail?url=http://motivate.000webhostapp.com/ancient_pic.jpg [33m400 [0m9878.767 ms - 32[0m
[0mPOST /api/thumbnail?url=https://upload.wikimedia.org/wikipedia/commons/2/2c/A_new_map_of_Great_Britain_according_to_the_newest_and_most_exact_observations_%288342715024%29.jpg [33m400 [0m1479.934 ms - 38[0m
[0mPOST /api/patch [32m200 [0m15.427 ms - 100[0m
[0mPOST /api/patch [33m401 [0m0.563 ms - 40[0m
[0mPOST /api/patch [33m401 [0m0.806 ms - 31[0m
[0mPOST /api/patch [33m400 [0m2.508 ms - 47[0m
[0mPOST /api/patch [33m400 [0m1.869 ms - 47[0m
[0mPOST / [33m404 [0m0.358 ms - 23[0m
[0mPOST /login [32m200 [0m1.641 ms - 145[0m
[0mPOST /login [33m400 [0m1.657 ms - 39[0m
[0mPOST /login [33m400 [0m0.382 ms - 39[0m
